# Logfile created on 2014-01-06 10:22:47 -0800 by logger.rb/44203
I, [2014-01-06T10:22:47.673107 #19991]  INFO -- : 0:  rake (10.1.1) from /usr/local/rvm/gems/ruby-2.1.0/specifications/rake-10.1.1.gemspec
I, [2014-01-06T10:22:47.673457 #19991]  INFO -- : 0:  RedCloth (4.2.9) from /usr/local/rvm/gems/ruby-2.1.0/specifications/RedCloth-4.2.9.gemspec
I, [2014-01-06T10:22:47.673823 #19991]  INFO -- : 0:  blankslate (2.1.2.4) from /usr/local/rvm/gems/ruby-2.1.0/specifications/blankslate-2.1.2.4.gemspec
I, [2014-01-06T10:22:47.674071 #19991]  INFO -- : 0:  fast-stemmer (1.0.2) from /usr/local/rvm/gems/ruby-2.1.0/specifications/fast-stemmer-1.0.2.gemspec
I, [2014-01-06T10:22:47.674348 #19991]  INFO -- : 0:  classifier (1.3.4) from /usr/local/rvm/gems/ruby-2.1.0/specifications/classifier-1.3.4.gemspec
I, [2014-01-06T10:22:47.674582 #19991]  INFO -- : 0:  colorator (0.1) from /usr/local/rvm/gems/ruby-2.1.0/specifications/colorator-0.1.gemspec
I, [2014-01-06T10:22:47.674969 #19991]  INFO -- : 0:  highline (1.6.20) from /usr/local/rvm/gems/ruby-2.1.0/specifications/highline-1.6.20.gemspec
I, [2014-01-06T10:22:47.675205 #19991]  INFO -- : 0:  commander (4.1.5) from /usr/local/rvm/gems/ruby-2.1.0/specifications/commander-4.1.5.gemspec
I, [2014-01-06T10:22:47.675434 #19991]  INFO -- : 0:  execjs (2.0.2) from /usr/local/rvm/gems/ruby-2.1.0/specifications/execjs-2.0.2.gemspec
I, [2014-01-06T10:22:47.675665 #19991]  INFO -- : 0:  ffi (1.9.3) from /usr/local/rvm/gems/ruby-2.1.0/specifications/ffi-1.9.3.gemspec
I, [2014-01-06T10:22:47.676012 #19991]  INFO -- : 0:  liquid (2.5.4) from /usr/local/rvm/gems/ruby-2.1.0/specifications/liquid-2.5.4.gemspec
I, [2014-01-06T10:22:47.676261 #19991]  INFO -- : 0:  rb-fsevent (0.9.4) from /usr/local/rvm/gems/ruby-2.1.0/specifications/rb-fsevent-0.9.4.gemspec
I, [2014-01-06T10:22:47.676497 #19991]  INFO -- : 0:  rb-inotify (0.9.3) from /usr/local/rvm/gems/ruby-2.1.0/specifications/rb-inotify-0.9.3.gemspec
I, [2014-01-06T10:22:47.676816 #19991]  INFO -- : 0:  rb-kqueue (0.2.0) from /usr/local/rvm/gems/ruby-2.1.0/specifications/rb-kqueue-0.2.0.gemspec
I, [2014-01-06T10:22:47.677055 #19991]  INFO -- : 0:  listen (1.3.1) from /usr/local/rvm/gems/ruby-2.1.0/specifications/listen-1.3.1.gemspec
I, [2014-01-06T10:22:47.677325 #19991]  INFO -- : 0:  maruku (0.7.0) from /usr/local/rvm/gems/ruby-2.1.0/specifications/maruku-0.7.0.gemspec
I, [2014-01-06T10:22:47.677562 #19991]  INFO -- : 0:  posix-spawn (0.3.8) from /usr/local/rvm/gems/ruby-2.1.0/specifications/posix-spawn-0.3.8.gemspec
I, [2014-01-06T10:22:47.677865 #19991]  INFO -- : 0:  yajl-ruby (1.1.0) from /usr/local/rvm/gems/ruby-2.1.0/specifications/yajl-ruby-1.1.0.gemspec
I, [2014-01-06T10:22:47.678105 #19991]  INFO -- : 0:  pygments.rb (0.5.4) from /usr/local/rvm/gems/ruby-2.1.0/specifications/pygments.rb-0.5.4.gemspec
I, [2014-01-06T10:22:47.678340 #19991]  INFO -- : 0:  redcarpet (2.3.0) from /usr/local/rvm/gems/ruby-2.1.0/specifications/redcarpet-2.3.0.gemspec
I, [2014-01-06T10:22:47.678563 #19991]  INFO -- : 0:  safe_yaml (0.9.7) from /usr/local/rvm/gems/ruby-2.1.0/specifications/safe_yaml-0.9.7.gemspec
I, [2014-01-06T10:22:47.678860 #19991]  INFO -- : 0:  parslet (1.5.0) from /usr/local/rvm/gems/ruby-2.1.0/specifications/parslet-1.5.0.gemspec
I, [2014-01-06T10:22:47.679096 #19991]  INFO -- : 0:  toml (0.1.0) from /usr/local/rvm/gems/ruby-2.1.0/specifications/toml-0.1.0.gemspec
I, [2014-01-06T10:22:47.679335 #19991]  INFO -- : 0:  jekyll (1.4.2) from /usr/local/rvm/gems/ruby-2.1.0/specifications/jekyll-1.4.2.gemspec
I, [2014-01-06T10:22:47.679576 #19991]  INFO -- : 0:  kramdown (1.2.0) from /usr/local/rvm/gems/ruby-2.1.0/specifications/kramdown-1.2.0.gemspec
I, [2014-01-06T10:22:47.679898 #19991]  INFO -- : 0:  rdiscount (2.1.7) from /usr/local/rvm/gems/ruby-2.1.0/specifications/rdiscount-2.1.7.gemspec
I, [2014-01-06T10:22:47.680126 #19991]  INFO -- : 0:  github-pages (12) from /usr/local/rvm/gems/ruby-2.1.0/specifications/github-pages-12.gemspec
I, [2014-01-06T10:22:47.680346 #19991]  INFO -- : 0:  hike (1.2.3) from /usr/local/rvm/gems/ruby-2.1.0/specifications/hike-1.2.3.gemspec
I, [2014-01-06T10:22:47.680581 #19991]  INFO -- : 0:  multi_json (1.8.2) from /usr/local/rvm/gems/ruby-2.1.0/specifications/multi_json-1.8.2.gemspec
I, [2014-01-06T10:22:47.682342 #19991]  INFO -- : 0:  rack (1.5.2) from /usr/local/rvm/gems/ruby-2.1.0/specifications/rack-1.5.2.gemspec
I, [2014-01-06T10:22:47.682591 #19991]  INFO -- : 0:  tilt (1.4.1) from /usr/local/rvm/gems/ruby-2.1.0/specifications/tilt-1.4.1.gemspec
I, [2014-01-06T10:22:47.682969 #19991]  INFO -- : 0:  sprockets (2.10.1) from /usr/local/rvm/gems/ruby-2.1.0/specifications/sprockets-2.10.1.gemspec
I, [2014-01-06T10:22:47.683207 #19991]  INFO -- : 0:  jekyll-assets (0.7.4) from /usr/local/rvm/gems/ruby-2.1.0/specifications/jekyll-assets-0.7.4.gemspec
I, [2014-01-06T10:22:48.710276 #19991]  INFO -- : 0:  json (1.8.1) from /usr/local/rvm/gems/ruby-2.1.0/specifications/json-1.8.1.gemspec
I, [2014-01-06T10:22:48.711027 #19991]  INFO -- : 0:  sass (3.2.13) from /usr/local/rvm/gems/ruby-2.1.0/specifications/sass-3.2.13.gemspec
I, [2014-01-06T10:22:48.711282 #19991]  INFO -- : 0:  uglifier (2.4.0) from /usr/local/rvm/gems/ruby-2.1.0/specifications/uglifier-2.4.0.gemspec
I, [2014-01-06T10:22:48.711538 #19991]  INFO -- : 0:  bundler (1.5.0) from /usr/local/rvm/gems/ruby-2.1.0@global/specifications/bundler-1.5.0.gemspec
